<?xml version="1.0" encoding="UTF-8"?>
<Site BuildName="Win32-mingw32-make"
	BuildStamp="20231115-1812-Experimental"
	Name="LAPTOP-QM6SBQNT"
	Generator="ctest-3.28.0-rc1"
	CompilerName="C:/Users/lwx/mingw64/bin/g++.exe"
	CompilerVersion="13.2.0"
	OSName="Windows"
	Hostname="LAPTOP-QM6SBQNT"
	OSRelease=" Personal"
	OSVersion=" (Build 22621)"
	OSPlatform="AMD64"
	Is64Bits="1"
	VendorString="GenuineIntel"
	VendorID="Intel Corporation"
	FamilyID="6"
	ModelID="13"
	ProcessorCacheSize="-1"
	NumberOfLogicalCPU="12"
	NumberOfPhysicalCPU="6"
	TotalVirtualMemory="33929"
	TotalPhysicalMemory="16147"
	LogicalProcessorsPerPhysical="2"
	ProcessorClockFrequency="2688"
	>
	<Testing>
		<StartDateTime>Nov 15 17:03 东部标准时间</StartDateTime>
		<StartTestTime>1700085790</StartTestTime>
		<TestList/>
		<EndDateTime>Nov 15 17:03 东部标准时间</EndDateTime>
		<EndTestTime>1700085790</EndTestTime>
		<ElapsedMinutes>0</ElapsedMinutes>
	</Testing>
</Site>
